{"C:\\Users\\thinkpad\\Desktop\\React\\React JP\\14_rest_api_ts_server\\src\\router.ts": {"path":"C:\\Users\\thinkpad\\Desktop\\React\\React JP\\14_rest_api_ts_server\\src\\router.ts","statementMap":{"0":{"start":{"line":1,"column":0},"end":{"line":1,"column":32}},"1":{"start":{"line":2,"column":0},"end":{"line":2,"column":129}},"2":{"start":{"line":3,"column":0},"end":{"line":3,"column":64}},"3":{"start":{"line":4,"column":0},"end":{"line":4,"column":48}},"4":{"start":{"line":6,"column":15},"end":{"line":6,"column":23}},"5":{"start":{"line":9,"column":0},"end":{"line":9,"column":null}},"6":{"start":{"line":11,"column":0},"end":{"line":14,"column":null}},"7":{"start":{"line":16,"column":0},"end":{"line":24,"column":null}},"8":{"start":{"line":22,"column":25},"end":{"line":22,"column":34}},"9":{"start":{"line":27,"column":0},"end":{"line":38,"column":null}},"10":{"start":{"line":34,"column":25},"end":{"line":34,"column":34}},"11":{"start":{"line":41,"column":0},"end":{"line":44,"column":null}},"12":{"start":{"line":46,"column":0},"end":{"line":49,"column":null}},"13":{"start":{"line":52,"column":0},"end":{"line":52,"column":null}}},"fnMap":{"0":{"name":"(anonymous_0)","decl":{"start":{"line":22,"column":16},"end":{"line":22,"column":21}},"loc":{"start":{"line":22,"column":25},"end":{"line":22,"column":34}}},"1":{"name":"(anonymous_1)","decl":{"start":{"line":34,"column":16},"end":{"line":34,"column":21}},"loc":{"start":{"line":34,"column":25},"end":{"line":34,"column":34}}}},"branchMap":{},"s":{"0":2,"1":2,"2":2,"3":2,"4":2,"5":2,"6":2,"7":2,"8":4,"9":2,"10":5,"11":2,"12":2,"13":2},"f":{"0":4,"1":5},"b":{}}
,"C:\\Users\\thinkpad\\Desktop\\React\\React JP\\14_rest_api_ts_server\\src\\server.ts": {"path":"C:\\Users\\thinkpad\\Desktop\\React\\React JP\\14_rest_api_ts_server\\src\\server.ts","statementMap":{"0":{"start":{"line":7,"column":0},"end":{"line":7,"column":7}},"1":{"start":{"line":1,"column":0},"end":{"line":1,"column":29}},"2":{"start":{"line":2,"column":0},"end":{"line":2,"column":27}},"3":{"start":{"line":3,"column":0},"end":{"line":3,"column":29}},"4":{"start":{"line":4,"column":0},"end":{"line":4,"column":28}},"5":{"start":{"line":8,"column":4},"end":{"line":15,"column":5}},"6":{"start":{"line":9,"column":8},"end":{"line":9,"column":null}},"7":{"start":{"line":10,"column":8},"end":{"line":10,"column":null}},"8":{"start":{"line":14,"column":8},"end":{"line":14,"column":75}},"9":{"start":{"line":17,"column":0},"end":{"line":17,"column":null}},"10":{"start":{"line":20,"column":15},"end":{"line":20,"column":24}},"11":{"start":{"line":23,"column":0},"end":{"line":23,"column":null}},"12":{"start":{"line":25,"column":0},"end":{"line":25,"column":null}},"13":{"start":{"line":27,"column":0},"end":{"line":29,"column":null}},"14":{"start":{"line":28,"column":4},"end":{"line":28,"column":null}},"15":{"start":{"line":31,"column":0},"end":{"line":31,"column":null}}},"fnMap":{"0":{"name":"connectDB","decl":{"start":{"line":7,"column":22},"end":{"line":7,"column":31}},"loc":{"start":{"line":7,"column":31},"end":{"line":16,"column":1}}},"1":{"name":"(anonymous_2)","decl":{"start":{"line":27,"column":19},"end":{"line":27,"column":20}},"loc":{"start":{"line":27,"column":32},"end":{"line":29,"column":1}}}},"branchMap":{},"s":{"0":2,"1":2,"2":2,"3":2,"4":2,"5":3,"6":3,"7":2,"8":1,"9":2,"10":2,"11":2,"12":2,"13":2,"14":1,"15":2},"f":{"0":3,"1":1},"b":{}}
,"C:\\Users\\thinkpad\\Desktop\\React\\React JP\\14_rest_api_ts_server\\src\\config\\db.ts": {"path":"C:\\Users\\thinkpad\\Desktop\\React\\React JP\\14_rest_api_ts_server\\src\\config\\db.ts","statementMap":{"0":{"start":{"line":1,"column":0},"end":{"line":1,"column":48}},"1":{"start":{"line":2,"column":0},"end":{"line":2,"column":27}},"2":{"start":{"line":4,"column":0},"end":{"line":4,"column":null}},"3":{"start":{"line":6,"column":11},"end":{"line":11,"column":2}},"4":{"start":{"line":13,"column":0},"end":{"line":13,"column":null}}},"fnMap":{},"branchMap":{},"s":{"0":2,"1":2,"2":2,"3":2,"4":2},"f":{},"b":{}}
,"C:\\Users\\thinkpad\\Desktop\\React\\React JP\\14_rest_api_ts_server\\src\\handlers\\product.ts": {"path":"C:\\Users\\thinkpad\\Desktop\\React\\React JP\\14_rest_api_ts_server\\src\\handlers\\product.ts","statementMap":{"0":{"start":{"line":3,"column":0},"end":{"line":3,"column":45}},"1":{"start":{"line":5,"column":27},"end":{"line":13,"column":1}},"2":{"start":{"line":6,"column":21},"end":{"line":11,"column":6}},"3":{"start":{"line":12,"column":4},"end":{"line":12,"column":null}},"4":{"start":{"line":5,"column":13},"end":{"line":5,"column":27}},"5":{"start":{"line":15,"column":30},"end":{"line":27,"column":1}},"6":{"start":{"line":16,"column":19},"end":{"line":16,"column":29}},"7":{"start":{"line":17,"column":20},"end":{"line":17,"column":46}},"8":{"start":{"line":19,"column":4},"end":{"line":24,"column":5}},"9":{"start":{"line":20,"column":8},"end":{"line":22,"column":null}},"10":{"start":{"line":23,"column":8},"end":{"line":23,"column":14}},"11":{"start":{"line":26,"column":8},"end":{"line":26,"column":null}},"12":{"start":{"line":15,"column":13},"end":{"line":15,"column":30}},"13":{"start":{"line":29,"column":29},"end":{"line":54,"column":1}},"14":{"start":{"line":46,"column":4},"end":{"line":53,"column":5}},"15":{"start":{"line":49,"column":24},"end":{"line":49,"column":54}},"16":{"start":{"line":50,"column":8},"end":{"line":50,"column":null}},"17":{"start":{"line":52,"column":8},"end":{"line":52,"column":27}},"18":{"start":{"line":29,"column":13},"end":{"line":29,"column":29}},"19":{"start":{"line":56,"column":29},"end":{"line":72,"column":1}},"20":{"start":{"line":57,"column":19},"end":{"line":57,"column":29}},"21":{"start":{"line":58,"column":20},"end":{"line":58,"column":46}},"22":{"start":{"line":60,"column":4},"end":{"line":65,"column":5}},"23":{"start":{"line":61,"column":8},"end":{"line":63,"column":null}},"24":{"start":{"line":64,"column":8},"end":{"line":64,"column":14}},"25":{"start":{"line":68,"column":4},"end":{"line":68,"column":null}},"26":{"start":{"line":69,"column":4},"end":{"line":69,"column":null}},"27":{"start":{"line":71,"column":8},"end":{"line":71,"column":null}},"28":{"start":{"line":56,"column":13},"end":{"line":56,"column":29}},"29":{"start":{"line":74,"column":34},"end":{"line":90,"column":1}},"30":{"start":{"line":75,"column":19},"end":{"line":75,"column":29}},"31":{"start":{"line":76,"column":20},"end":{"line":76,"column":46}},"32":{"start":{"line":78,"column":4},"end":{"line":83,"column":5}},"33":{"start":{"line":79,"column":8},"end":{"line":81,"column":null}},"34":{"start":{"line":82,"column":8},"end":{"line":82,"column":14}},"35":{"start":{"line":86,"column":4},"end":{"line":86,"column":null}},"36":{"start":{"line":87,"column":4},"end":{"line":87,"column":null}},"37":{"start":{"line":89,"column":8},"end":{"line":89,"column":null}},"38":{"start":{"line":74,"column":13},"end":{"line":74,"column":34}},"39":{"start":{"line":92,"column":29},"end":{"line":105,"column":1}},"40":{"start":{"line":93,"column":19},"end":{"line":93,"column":29}},"41":{"start":{"line":94,"column":20},"end":{"line":94,"column":46}},"42":{"start":{"line":96,"column":4},"end":{"line":101,"column":5}},"43":{"start":{"line":97,"column":8},"end":{"line":99,"column":null}},"44":{"start":{"line":100,"column":8},"end":{"line":100,"column":14}},"45":{"start":{"line":103,"column":4},"end":{"line":103,"column":null}},"46":{"start":{"line":104,"column":4},"end":{"line":104,"column":null}},"47":{"start":{"line":92,"column":13},"end":{"line":92,"column":29}}},"fnMap":{"0":{"name":"(anonymous_1)","decl":{"start":{"line":5,"column":27},"end":{"line":5,"column":32}},"loc":{"start":{"line":5,"column":64},"end":{"line":13,"column":1}}},"1":{"name":"(anonymous_2)","decl":{"start":{"line":15,"column":30},"end":{"line":15,"column":35}},"loc":{"start":{"line":15,"column":68},"end":{"line":27,"column":1}}},"2":{"name":"(anonymous_3)","decl":{"start":{"line":29,"column":29},"end":{"line":29,"column":34}},"loc":{"start":{"line":29,"column":67},"end":{"line":54,"column":1}}},"3":{"name":"(anonymous_4)","decl":{"start":{"line":56,"column":29},"end":{"line":56,"column":34}},"loc":{"start":{"line":56,"column":66},"end":{"line":72,"column":1}}},"4":{"name":"(anonymous_5)","decl":{"start":{"line":74,"column":34},"end":{"line":74,"column":39}},"loc":{"start":{"line":74,"column":71},"end":{"line":90,"column":1}}},"5":{"name":"(anonymous_6)","decl":{"start":{"line":92,"column":29},"end":{"line":92,"column":34}},"loc":{"start":{"line":92,"column":66},"end":{"line":105,"column":1}}}},"branchMap":{"0":{"loc":{"start":{"line":19,"column":4},"end":{"line":24,"column":5}},"type":"if","locations":[{"start":{"line":19,"column":4},"end":{"line":24,"column":5}}]},"1":{"loc":{"start":{"line":60,"column":4},"end":{"line":65,"column":5}},"type":"if","locations":[{"start":{"line":60,"column":4},"end":{"line":65,"column":5}}]},"2":{"loc":{"start":{"line":78,"column":4},"end":{"line":83,"column":5}},"type":"if","locations":[{"start":{"line":78,"column":4},"end":{"line":83,"column":5}}]},"3":{"loc":{"start":{"line":96,"column":4},"end":{"line":101,"column":5}},"type":"if","locations":[{"start":{"line":96,"column":4},"end":{"line":101,"column":5}}]}},"s":{"0":2,"1":2,"2":2,"3":2,"4":2,"5":2,"6":2,"7":2,"8":2,"9":1,"10":1,"11":1,"12":2,"13":2,"14":1,"15":1,"16":1,"17":0,"18":2,"19":2,"20":2,"21":2,"22":2,"23":1,"24":1,"25":1,"26":1,"27":1,"28":2,"29":2,"30":2,"31":2,"32":2,"33":1,"34":1,"35":1,"36":1,"37":1,"38":2,"39":2,"40":2,"41":2,"42":2,"43":1,"44":1,"45":1,"46":1,"47":2},"f":{"0":2,"1":2,"2":1,"3":2,"4":2,"5":2},"b":{"0":[1],"1":[1],"2":[1],"3":[1]}}
,"C:\\Users\\thinkpad\\Desktop\\React\\React JP\\14_rest_api_ts_server\\src\\middleware\\index.ts": {"path":"C:\\Users\\thinkpad\\Desktop\\React\\React JP\\14_rest_api_ts_server\\src\\middleware\\index.ts","statementMap":{"0":{"start":{"line":2,"column":0},"end":{"line":2,"column":53}},"1":{"start":{"line":4,"column":33},"end":{"line":13,"column":1}},"2":{"start":{"line":6,"column":17},"end":{"line":6,"column":38}},"3":{"start":{"line":7,"column":4},"end":{"line":10,"column":5}},"4":{"start":{"line":8,"column":8},"end":{"line":8,"column":null}},"5":{"start":{"line":9,"column":8},"end":{"line":9,"column":14}},"6":{"start":{"line":12,"column":4},"end":{"line":12,"column":null}},"7":{"start":{"line":4,"column":13},"end":{"line":4,"column":33}}},"fnMap":{"0":{"name":"(anonymous_0)","decl":{"start":{"line":4,"column":33},"end":{"line":4,"column":34}},"loc":{"start":{"line":4,"column":85},"end":{"line":13,"column":1}}}},"branchMap":{"0":{"loc":{"start":{"line":7,"column":4},"end":{"line":10,"column":5}},"type":"if","locations":[{"start":{"line":7,"column":4},"end":{"line":10,"column":5}}]}},"s":{"0":2,"1":2,"2":17,"3":17,"4":8,"5":8,"6":9,"7":2},"f":{"0":17},"b":{"0":[8]}}
,"C:\\Users\\thinkpad\\Desktop\\React\\React JP\\14_rest_api_ts_server\\src\\models\\Product.model.ts": {"path":"C:\\Users\\thinkpad\\Desktop\\React\\React JP\\14_rest_api_ts_server\\src\\models\\Product.model.ts","statementMap":{"0":{"start":{"line":1,"column":0},"end":{"line":1,"column":79}},"1":{"start":{"line":8,"column":0},"end":{"line":24,"column":null}},"2":{"start":{"line":12,"column":12},"end":{"line":12,"column":null}},"3":{"start":{"line":17,"column":12},"end":{"line":17,"column":null}},"4":{"start":{"line":23,"column":12},"end":{"line":23,"column":null}},"5":{"start":{"line":8,"column":6},"end":{"line":24,"column":null}},"6":{"start":{"line":26,"column":0},"end":{"line":26,"column":null}}},"fnMap":{},"branchMap":{},"s":{"0":3,"1":3,"2":3,"3":3,"4":3,"5":3,"6":3},"f":{},"b":{}}
}
